Flutter crash report.
Please report a bug at https://github.com/flutter/flutter/issues.

## command

flutter run -d chrome

## exception

ShaderCompilerException: ShaderCompilerException: Shader compilation of "C:\Users\sorim\flutter\packages\flutter\lib\src\material\shaders\ink_sparkle.frag" to "build\flutter_assets\shaders/ink_sparkle.frag" failed with exit code 1.
impellerc stdout:

impellerc stderr:
Could not write file to build\flutter_assets\shaders/ink_sparkle.frag.spirv




```
#0      ShaderCompiler.compileShader (package:flutter_tools/src/build_system/targets/shader_compiler.dart:200:9)
<asynchronous suspension>
#1      writeBundle.<anonymous closure> (package:flutter_tools/src/bundle_builder.dart:186:25)
<asynchronous suspension>
#2      Future.wait.<anonymous closure> (dart:async/future.dart:523:21)
<asynchronous suspension>
#3      writeBundle (package:flutter_tools/src/bundle_builder.dart:164:3)
<asynchronous suspension>
#4      WebDevFS.update (package:flutter_tools/src/isolated/devfs_web.dart:871:9)
<asynchronous suspension>
#5      ResidentWebRunner._updateDevFS (package:flutter_tools/src/isolated/resident_web_runner.dart:521:35)
<asynchronous suspension>
#6      ResidentWebRunner.run.<anonymous closure> (package:flutter_tools/src/isolated/resident_web_runner.dart:308:41)
<asynchronous suspension>
#7      asyncGuard.<anonymous closure> (package:flutter_tools/src/base/async_guard.dart:111:24)
<asynchronous suspension>
```

## flutter doctor

```
[32m[✓][39m Flutter (Channel stable, 3.16.5, on Microsoft Windows [Version 10.0.19045.3803], locale ko-KR)
    [32m•[39m Flutter version 3.16.5 on channel stable at C:\Users\sorim\flutter
    [32m•[39m Upstream repository https://github.com/flutter/flutter.git
    [32m•[39m Framework revision 78666c8dc5 (2 weeks ago), 2023-12-19 16:14:14 -0800
    [32m•[39m Engine revision 3f3e560236
    [32m•[39m Dart version 3.2.3
    [32m•[39m DevTools version 2.28.4

[32m[✓][39m Windows Version (Installed version of Windows is version 10 or higher)

[32m[✓][39m Android toolchain - develop for Android devices (Android SDK version 34.0.0)
    [32m•[39m Android SDK at C:\Users\sorim\AppData\Local\Android\sdk
    [32m•[39m Platform android-32, build-tools 34.0.0
    [32m•[39m Java binary at: C:\Program Files\Android\Android Studio1\jbr\bin\java
    [32m•[39m Java version OpenJDK Runtime Environment (build 17.0.6+0-b2043.56-10027231)
    [32m•[39m All Android licenses accepted.

[32m[✓][39m Chrome - develop for the web
    [32m•[39m Chrome at C:\Program Files (x86)\Google\Chrome\Application\chrome.exe

[32m[✓][39m Visual Studio - develop Windows apps (Visual Studio Community 2019 16.11.19)
    [32m•[39m Visual Studio at C:\Program Files (x86)\Microsoft Visual Studio\2019\Community
    [32m•[39m Visual Studio Community 2019 version 16.11.32901.82
    [32m•[39m Windows 10 SDK version 10.0.18362.0

[32m[✓][39m Android Studio (version 2022.3)
    [32m•[39m Android Studio at C:\Program Files\Android\Android Studio1
    [32m•[39m Flutter plugin can be installed from:
      🔨 https://plugins.jetbrains.com/plugin/9212-flutter
    [32m•[39m Dart plugin can be installed from:
      🔨 https://plugins.jetbrains.com/plugin/6351-dart
    [32m•[39m Java version OpenJDK Runtime Environment (build 17.0.6+0-b2043.56-10027231)

[33m[!][39m Android Studio (version 4.1)
    [32m•[39m Android Studio at C:\Program Files\Android\Android Studio
    [32m•[39m Flutter plugin can be installed from:
      🔨 https://plugins.jetbrains.com/plugin/9212-flutter
    [32m•[39m Dart plugin can be installed from:
      🔨 https://plugins.jetbrains.com/plugin/6351-dart
    [31m✗[39m Unable to find bundled Java version.
    [32m•[39m Try updating or re-installing Android Studio.

[32m[✓][39m IntelliJ IDEA Community Edition (version 2020.3)
    [32m•[39m IntelliJ at C:\Program Files\JetBrains\IntelliJ IDEA Community Edition 2020.3.2
    [32m•[39m Flutter plugin can be installed from:
      🔨 https://plugins.jetbrains.com/plugin/9212-flutter
    [32m•[39m Dart plugin can be installed from:
      🔨 https://plugins.jetbrains.com/plugin/6351-dart

[32m[✓][39m VS Code (version 1.85.1)
    [32m•[39m VS Code at C:\Users\sorim\AppData\Local\Programs\Microsoft VS Code
    [32m•[39m Flutter extension version 3.80.0

[32m[✓][39m Connected device (3 available)
    [32m•[39m Windows (desktop) • windows • windows-x64    • Microsoft Windows [Version 10.0.19045.3803]
    [32m•[39m Chrome (web)      • chrome  • web-javascript • Google Chrome 120.0.6099.130
    [32m•[39m Edge (web)        • edge    • web-javascript • Microsoft Edge 120.0.2210.91

[32m[✓][39m Network resources
    [32m•[39m All expected network resources are available.

[33m![39m Doctor found issues in 1 category.
```
